<?xml version="1.0" encoding="UTF-8"?>
<!-- Generated by org.testng.reporters.JUnitXMLReporter -->
<testsuite ignored="1" hostname="Ruchirs-MacBook-Air.local" failures="0" tests="4" name="Test" time="6.428" errors="0" timestamp="2023-08-17T22:39:20 EDT">
  <testcase classname="com.acti.testcases.BaseTest" name="@BeforeMethod PreTest" time="6.325">
    <failure type="org.openqa.selenium.SessionNotCreatedException" message="session not created: This version of ChromeDriver only supports Chrome version 114
Current browser version is 116.0.5845.96 with binary path /Applications/Google Chrome.app/Contents/MacOS/Google Chrome
Build info: version: &amp;apos;3.141.59&amp;apos;, revision: &amp;apos;e82be7d358&amp;apos;, time: &amp;apos;2018-11-14T08:17:03&amp;apos;
System info: host: &amp;apos;Ruchirs-MacBook-Air.local&amp;apos;, ip: &amp;apos;2600:8805:da04:5a00:0:0:0:7122%en0&amp;apos;, os.name: &amp;apos;Mac OS X&amp;apos;, os.arch: &amp;apos;x86_64&amp;apos;, os.version: &amp;apos;14.0&amp;apos;, java.version: &amp;apos;17.0.8&amp;apos;
Driver info: driver.version: ChromeDriver
remote stacktrace: 0   chromedriver                        0x0000000102c666b8 chromedriver + 4937400
1   chromedriver                        0x0000000102c5db73 chromedriver + 4901747
2   chromedriver                        0x000000010281b616 chromedriver + 435734
3   chromedriver                        0x000000010284dd10 chromedriver + 642320
4   chromedriver                        0x000000010284918a chromedriver + 622986
5   chromedriver                        0x000000010284567c chromedriver + 607868
6   chromedriver                        0x000000010288ca08 chromedriver + 899592
7   chromedriver                        0x000000010288bebf chromedriver + 896703
8   chromedriver                        0x0000000102882de3 chromedriver + 859619
9   chromedriver                        0x0000000102850d7f chromedriver + 654719
10  chromedriver                        0x00000001028520de chromedriver + 659678
11  chromedriver                        0x0000000102c222ad chromedriver + 4657837
12  chromedriver                        0x0000000102c27130 chromedriver + 4677936
13  chromedriver                        0x0000000102c2ddef chromedriver + 4705775
14  chromedriver                        0x0000000102c2805a chromedriver + 4681818
15  chromedriver                        0x0000000102bfa92c chromedriver + 4495660
16  chromedriver                        0x0000000102c45838 chromedriver + 4802616
17  chromedriver                        0x0000000102c459b7 chromedriver + 4802999
18  chromedriver                        0x0000000102c5699f chromedriver + 4872607
19  libsystem_pthread.dylib             0x00007ff816f11202 _pthread_start + 99
20  libsystem_pthread.dylib             0x00007ff816f0cbab thread_start + 15
">
      <![CDATA[org.openqa.selenium.SessionNotCreatedException: session not created: This version of ChromeDriver only supports Chrome version 114
Current browser version is 116.0.5845.96 with binary path /Applications/Google Chrome.app/Contents/MacOS/Google Chrome
Build info: version: '3.141.59', revision: 'e82be7d358', time: '2018-11-14T08:17:03'
System info: host: 'Ruchirs-MacBook-Air.local', ip: '2600:8805:da04:5a00:0:0:0:7122%en0', os.name: 'Mac OS X', os.arch: 'x86_64', os.version: '14.0', java.version: '17.0.8'
Driver info: driver.version: ChromeDriver
remote stacktrace: 0   chromedriver                        0x0000000102c666b8 chromedriver + 4937400
1   chromedriver                        0x0000000102c5db73 chromedriver + 4901747
2   chromedriver                        0x000000010281b616 chromedriver + 435734
3   chromedriver                        0x000000010284dd10 chromedriver + 642320
4   chromedriver                        0x000000010284918a chromedriver + 622986
5   chromedriver                        0x000000010284567c chromedriver + 607868
6   chromedriver                        0x000000010288ca08 chromedriver + 899592
7   chromedriver                        0x000000010288bebf chromedriver + 896703
8   chromedriver                        0x0000000102882de3 chromedriver + 859619
9   chromedriver                        0x0000000102850d7f chromedriver + 654719
10  chromedriver                        0x00000001028520de chromedriver + 659678
11  chromedriver                        0x0000000102c222ad chromedriver + 4657837
12  chromedriver                        0x0000000102c27130 chromedriver + 4677936
13  chromedriver                        0x0000000102c2ddef chromedriver + 4705775
14  chromedriver                        0x0000000102c2805a chromedriver + 4681818
15  chromedriver                        0x0000000102bfa92c chromedriver + 4495660
16  chromedriver                        0x0000000102c45838 chromedriver + 4802616
17  chromedriver                        0x0000000102c459b7 chromedriver + 4802999
18  chromedriver                        0x0000000102c5699f chromedriver + 4872607
19  libsystem_pthread.dylib             0x00007ff816f11202 _pthread_start + 99
20  libsystem_pthread.dylib             0x00007ff816f0cbab thread_start + 15

at org.openqa.selenium.remote.W3CHandshakeResponse.lambda$errorHandler$0(W3CHandshakeResponse.java:62)
at org.openqa.selenium.remote.HandshakeResponse.lambda$getResponseFunction$0(HandshakeResponse.java:30)
at org.openqa.selenium.remote.ProtocolHandshake.lambda$createSession$0(ProtocolHandshake.java:126)
at java.base/java.util.stream.ReferencePipeline$3$1.accept(ReferencePipeline.java:197)
at java.base/java.util.Spliterators$ArraySpliterator.tryAdvance(Spliterators.java:1002)
at java.base/java.util.stream.ReferencePipeline.forEachWithCancel(ReferencePipeline.java:129)
at java.base/java.util.stream.AbstractPipeline.copyIntoWithCancel(AbstractPipeline.java:527)
at java.base/java.util.stream.AbstractPipeline.copyInto(AbstractPipeline.java:513)
at java.base/java.util.stream.AbstractPipeline.wrapAndCopyInto(AbstractPipeline.java:499)
at java.base/java.util.stream.FindOps$FindOp.evaluateSequential(FindOps.java:150)
at java.base/java.util.stream.AbstractPipeline.evaluate(AbstractPipeline.java:234)
at java.base/java.util.stream.ReferencePipeline.findFirst(ReferencePipeline.java:647)
at org.openqa.selenium.remote.ProtocolHandshake.createSession(ProtocolHandshake.java:128)
at org.openqa.selenium.remote.ProtocolHandshake.createSession(ProtocolHandshake.java:74)
at org.openqa.selenium.remote.HttpCommandExecutor.execute(HttpCommandExecutor.java:136)
at org.openqa.selenium.remote.service.DriverCommandExecutor.execute(DriverCommandExecutor.java:83)
at org.openqa.selenium.remote.RemoteWebDriver.execute(RemoteWebDriver.java:552)
at org.openqa.selenium.remote.RemoteWebDriver.startSession(RemoteWebDriver.java:213)
at org.openqa.selenium.remote.RemoteWebDriver.<init>(RemoteWebDriver.java:131)
at org.openqa.selenium.chrome.ChromeDriver.<init>(ChromeDriver.java:181)
at org.openqa.selenium.chrome.ChromeDriver.<init>(ChromeDriver.java:168)
at org.openqa.selenium.chrome.ChromeDriver.<init>(ChromeDriver.java:123)
at com.acti.driver.DriverManager.initApplication(DriverManager.java:65)
at com.acti.testcases.BaseTest.PreTest(BaseTest.java:41)
at java.base/java.util.ArrayList.forEach(ArrayList.java:1511)
... Removed 36 stack frames]]>
    </failure>
  </testcase> <!-- @BeforeMethod PreTest -->
  <testcase classname="com.acti.testcases.BaseTest" name="@AfterMethod tearDown" time="0.0">
    <skipped/>
  </testcase> <!-- @AfterMethod tearDown -->
  <testcase classname="com.acti.testcases.BaseTest" name="@BeforeMethod PreTest" time="0.0">
    <skipped/>
  </testcase> <!-- @BeforeMethod PreTest -->
  <testcase classname="com.acti.testcases.BaseTest" name="@AfterMethod tearDown" time="0.0">
    <skipped/>
  </testcase> <!-- @AfterMethod tearDown -->
  <testcase classname="com.acti.testcases.BaseTest" name="@BeforeMethod PreTest" time="0.0">
    <skipped/>
  </testcase> <!-- @BeforeMethod PreTest -->
  <testcase classname="com.acti.testcases.BaseTest" name="@AfterMethod tearDown" time="0.0">
    <skipped/>
  </testcase> <!-- @AfterMethod tearDown -->
  <testcase classname="com.acti.testcases.BaseTest" name="@BeforeMethod PreTest" time="0.0">
    <skipped/>
  </testcase> <!-- @BeforeMethod PreTest -->
  <testcase classname="com.acti.testcases.BaseTest" name="@AfterMethod tearDown" time="0.0">
    <skipped/>
  </testcase> <!-- @AfterMethod tearDown -->
  <testcase classname="com.acti.testcases.LoginPageTest" name="testLoginPageTitle" time="0.001">
    <skipped/>
  </testcase> <!-- testLoginPageTitle -->
  <testcase classname="com.acti.testcases.LoginPageTest" name="testActiLogoDisplayed" time="0.0">
    <skipped/>
  </testcase> <!-- testActiLogoDisplayed -->
  <testcase classname="com.acti.testcases.LoginPageTest" name="testActiLinkDisplayed" time="0.0">
    <skipped/>
  </testcase> <!-- testActiLinkDisplayed -->
  <testcase classname="com.acti.testcases.LoginPageTest" name="testLoginFunction" time="0.0">
    <skipped/>
  </testcase> <!-- testLoginFunction -->
  <testcase classname="com.acti.testcases.BaseTest" name="@BeforeSuite setUpReport" time="0.0">
    <ignored/>
  </testcase> <!-- @BeforeSuite setUpReport -->
</testsuite> <!-- Test -->
